────────────────────────────────────────────────────────────
TIME:    2026-05-27 15:14:39
TO:      alexdempers51@gmail.com
SUBJECT: Verify your email — The Gentleman's Place
BODY:




  
    
      
        
          
            GC
            
              THE GENTLEMAN'S PLACE
            
          
        
        
          
            
              Verify Your Email Address
            
            
              Hello admin,
            Thank you for registering. Click the button below to verify your email address.
            This link expires in 24 hours.
            
            
            
              
                Verify Email Address
              
            
            
              Or copy this link: http://localhost/public_html/verify-email/99e130eaff757a4ea2f1291d4fc8f435da93d34c73f6bb8418ab4520382d28c7
            
          
        
        
          
            
              © 2026 The Gentleman's Place &nbsp;·&nbsp;
              Privacy Policy
            
          
        
      
    
  


────────────────────────────────────────────────────────────
TIME:    2026-05-27 15:22:54
TO:      cyruskingz@outlook.com
SUBJECT: Verify your email — The Gentleman's Place
BODY:




  
    
      
        
          
            GC
            
              THE GENTLEMAN'S PLACE
            
          
        
        
          
            
              Verify Your Email Address
            
            
              Hello Cyrus,
            Thank you for registering. Click the button below to verify your email address.
            This link expires in 24 hours.
            
            
            
              
                Verify Email Address
              
            
            
              Or copy this link: http://localhost/public_html/verify-email/13c3ce182b2ba241057485d8136fecf92487a048ce792a2c4aa4e56a8e5d72a7
            
          
        
        
          
            
              © 2026 The Gentleman's Place &nbsp;·&nbsp;
              Privacy Policy
            
          
        
      
    
  


────────────────────────────────────────────────────────────
TIME:    2026-06-02 08:39:44
TO:      cyruskingz@outlook.com
SUBJECT: Your connection link to Zonika — valid for 15 minutes
BODY:



  
  


  
    
      
        
          
            GC
            
              THE GENTLEMAN'S PLACE
            
          
        
        
          
            
              Your Private Connection Link
            
            
              Hello Cyrus,
              Your private connection link to Zonika
              is ready. This link expires in 15 minutes and can only be used once.
            
            
              
                Connect Now
              
            
            
              Or copy this link: http://localhost/public_html/call/connect/8e3b5ba3aab9044c7f16795be331a242e3030d8f4ff9867f1fd3a8eb03fb5d89
            
          
        
        
          
            
              © 2026 The Gentleman's Place &nbsp;·&nbsp;
              Privacy Policy
            
          
        
      
    
  


────────────────────────────────────────────────────────────
TIME:    2026-06-02 08:38:40
TO:      zander@gmail.com
SUBJECT: Verify your email — The Gentleman's Place
BODY:



  
  


  
    
      
        
          
            GC
            
              THE GENTLEMAN'S PLACE
            
          
        
        
          
            
              Verify Your Email Address
            
            
              Hello Zander,
              Thank you for registering. Click the button below to verify your email address.
              This link expires in 24 hours.
            
            
              
                Verify Email Address
              
            
            
              Or copy this link: https://thegentlemensplace.eu/verify-email/125fd3c8f3ca81ec27a63cc08ab0bfdeb772f538812124ec2a4fca28c869f3f3
            
          
        
        
          
            
              © 2026 The Gentleman's Place &nbsp;·&nbsp;
              Privacy Policy
            
          
        
      
    
  



────────────────────────────────────────────────────────────
TIME:    2026-06-02 08:41:06
TO:      info@lexdigitals.co.za
SUBJECT: Verify your email — The Gentleman's Place
BODY:



  
  


  
    
      
        
          
            GC
            
              THE GENTLEMAN'S PLACE
            
          
        
        
          
            
              Verify Your Email Address
            
            
              Hello Alex,
              Thank you for registering. Click the button below to verify your email address.
              This link expires in 24 hours.
            
            
              
                Verify Email Address
              
            
            
              Or copy this link: https://thegentlemensplace.eu/verify-email/2cb4be95c429ac72e9b11d629aa7caf578eaa178c272c3ce9bbfaa5f1f893d3f
            
          
        
        
          
            
              © 2026 The Gentleman's Place &nbsp;·&nbsp;
              Privacy Policy
            
          
        
      
    
  



